-- 16:35:48.511/INFO/build -- Running unit tests for GitHub CI...
-- 16:35:48.525/INFO/build -- Running go test...
# github.com/cyw0ng95/v2e/cmd/v2access [github.com/cyw0ng95/v2e/cmd/v2access.test]
cmd/v2access/rpc_client.go:31:8: assignment mismatch: 1 variable but subprocess.NewWithUDS returns 2 values
FAIL	github.com/cyw0ng95/v2e/cmd/v2access [build failed]
# github.com/lestrrat-go/libxml2/clib
# [pkg-config --cflags  -- libxml-2.0]
Package libxml-2.0 was not found in the pkg-config search path.
Perhaps you should add the directory containing `libxml-2.0.pc'
to the PKG_CONFIG_PATH environment variable
Package 'libxml-2.0', required by 'virtual:world', not found
ok  	github.com/cyw0ng95/v2e/cmd/v2analysis	1.057s	coverage: 6.8% of statements
# github.com/cyw0ng95/v2e/pkg/cwe
pkg/cwe/local.go:425:12: undefined: strings
pkg/cwe/local.go:578:13: undefined: strings
FAIL	github.com/cyw0ng95/v2e/cmd/v2broker [build failed]
ok  	github.com/cyw0ng95/v2e/cmd/v2broker/adapters	1.042s	coverage: [no statements]
FAIL	github.com/cyw0ng95/v2e/cmd/v2broker/core [build failed]
?   	github.com/cyw0ng95/v2e/cmd/v2broker/ipc	[no test files]
	github.com/cyw0ng95/v2e/cmd/v2broker/metrics		coverage: 0.0% of statements
	github.com/cyw0ng95/v2e/cmd/v2broker/monitor		coverage: 0.0% of statements
ok  	github.com/cyw0ng95/v2e/cmd/v2broker/mq	1.049s	coverage: 89.9% of statements
ok  	github.com/cyw0ng95/v2e/cmd/v2broker/perf	1.365s	coverage: 40.2% of statements
ok  	github.com/cyw0ng95/v2e/cmd/v2broker/permits	1.014s	coverage: 86.6% of statements
?   	github.com/cyw0ng95/v2e/cmd/v2broker/process	[no test files]
ok  	github.com/cyw0ng95/v2e/cmd/v2broker/routing	1.036s	coverage: [no statements]
ok  	github.com/cyw0ng95/v2e/cmd/v2broker/scaling	1.696s	coverage: 29.7% of statements
	github.com/cyw0ng95/v2e/cmd/v2broker/sched		coverage: 0.0% of statements
